<?xml version="1.0" encoding="UTF-8"?>
<!-- Generated by org.testng.reporters.JUnitReportReporter -->
<testsuite hostname="LAPTOP-3VE0IGJG" failures="0" tests="2" name="rahulshettyacademy.tests.ErrorValidationTest" time="16.608" errors="0" timestamp="2025-04-20T12:39:36 IST" skipped="0">
  <testcase classname="rahulshettyacademy.tests.ErrorValidationTest" name="prodErrorValidation" time="9.253"/>
  <testcase classname="rahulshettyacademy.tests.ErrorValidationTest" name="loginErrorValidation" time="7.355"/>
</testsuite> <!-- rahulshettyacademy.tests.ErrorValidationTest -->
