<?xml version="1.0" encoding="UTF-8"?>
<!-- Generated by org.testng.reporters.JUnitReportReporter -->
<testsuite hostname="LAPTOP-3VE0IGJG" failures="0" tests="2" name="rahulshettyacademy.tests.SubmitOrderTest" time="33.042" errors="0" timestamp="2025-04-20T12:39:36 IST" skipped="0">
  <testcase classname="rahulshettyacademy.tests.SubmitOrderTest" name="submitOrder" time="25.925"/>
  <testcase classname="rahulshettyacademy.tests.SubmitOrderTest" name="verifyProductOnOrders" time="7.117"/>
</testsuite> <!-- rahulshettyacademy.tests.SubmitOrderTest -->
